<?xml version="1.0" encoding="UTF-8"?>
<testsuite xmlns:xsi="http://www.w3.org/2001/XMLSchema-instance" xsi:noNamespaceSchemaLocation="https://maven.apache.org/surefire/maven-surefire-plugin/xsd/surefire-test-report-3.0.xsd" version="3.0" name="ServiceLayer.PaymentServiceTest" time="0.102" tests="4" errors="0" skipped="0" failures="0">
  <properties>
[...]
</properties>
  <testcase name="cancelPayment_failure_bubblesAsRuntimeException" classname="ServiceLayer.PaymentServiceTest" time="0.094"/>
  <testcase name="processPayment_failure_throwsRuntimeException" classname="ServiceLayer.PaymentServiceTest" time="0.003"/>
  <testcase name="cancelPayment_success_returnsOk" classname="ServiceLayer.PaymentServiceTest" time="0.002"/>
  <testcase name="processPayment_success_returnsReference" classname="ServiceLayer.PaymentServiceTest" time="0.002"/>
</testsuite>